Seq	Host	Starttime	JobRuntime	Send	Receive	Exitval	Signal	Command
2	:	1681422738.668	   298.973	0	296	0	0		 ./hcov-panel 7d70fd88-fc05-4c2b-aa6d-c62afdc7e6b3 zr10237 /home/michaeljon/pipeline/fastq/zr10237/zr10237_4_S43_R1_001.fastq.gz /home/michaeljon/pipeline/fastq/zr10237/zr10237_4_S43_R2_001.fastq.gz
4	:	1681422738.673	   439.168	0	296	0	0		 ./hcov-panel 664543c0-5c0d-411c-9fc7-d534455e388d zr10237 /home/michaeljon/pipeline/fastq/zr10237/zr10237_6_S59_R1_001.fastq.gz /home/michaeljon/pipeline/fastq/zr10237/zr10237_6_S59_R2_001.fastq.gz
5	:	1681423037.645	   493.052	0	296	0	0		 ./hcov-panel 5c34f0a7-ff58-418e-9f5d-7f0fa833ffb9 zr10237 /home/michaeljon/pipeline/fastq/zr10237/zr10237_7_S68_R1_001.fastq.gz /home/michaeljon/pipeline/fastq/zr10237/zr10237_7_S68_R2_001.fastq.gz
3	:	1681422738.670	  1302.355	0	296	0	0		 ./hcov-panel 39e0a213-d28c-4000-a415-c2633498bc5b zr10237 /home/michaeljon/pipeline/fastq/zr10237/zr10237_5_S49_R1_001.fastq.gz /home/michaeljon/pipeline/fastq/zr10237/zr10237_5_S49_R2_001.fastq.gz
7	:	1681423530.700	   546.848	0	296	0	0		 ./hcov-panel 442dc143-c4ae-4db4-a2f1-29683789fe6b zr10237 /home/michaeljon/pipeline/fastq/zr10237/zr10237_12_S65_R1_001.fastq.gz /home/michaeljon/pipeline/fastq/zr10237/zr10237_12_S65_R2_001.fastq.gz
9	:	1681424077.552	   103.323	0	296	0	0		 ./hcov-panel 9b554199-9adc-4394-a558-9770d1cf9f24 zr10237 /home/michaeljon/pipeline/fastq/zr10237/zr10237_14_S33_R1_001.fastq.gz /home/michaeljon/pipeline/fastq/zr10237/zr10237_14_S33_R2_001.fastq.gz
6	:	1681423177.846	  2973.580	0	296	0	0		 ./hcov-panel 0e87b095-6d71-42d0-bf01-ab27460c8ddd zr10237 /home/michaeljon/pipeline/fastq/zr10237/zr10237_11_S56_R1_001.fastq.gz /home/michaeljon/pipeline/fastq/zr10237/zr10237_11_S56_R2_001.fastq.gz
8	:	1681424041.029	  3413.845	0	296	0	0		 ./hcov-panel 5cf7dae5-f6e0-4bda-bd4f-5973c491ec31 zr10237 /home/michaeljon/pipeline/fastq/zr10237/zr10237_13_S72_R1_001.fastq.gz /home/michaeljon/pipeline/fastq/zr10237/zr10237_13_S72_R2_001.fastq.gz
1	:	1681422738.666	  4895.380	0	296	0	0		 ./hcov-panel 8b403008-8d6a-483f-acb4-0bfb7b7a72fd zr10237 /home/michaeljon/pipeline/fastq/zr10237/zr10237_3_S74_R1_001.fastq.gz /home/michaeljon/pipeline/fastq/zr10237/zr10237_3_S74_R2_001.fastq.gz
10	:	1681424180.880	  4139.862	0	296	0	0		 ./hcov-panel 50beba85-7a40-4a57-bd17-4f11fb8c9604 zr10237 /home/michaeljon/pipeline/fastq/zr10237/zr10237_15_S35_R1_001.fastq.gz /home/michaeljon/pipeline/fastq/zr10237/zr10237_15_S35_R2_001.fastq.gz
12	:	1681427454.881	  1989.236	0	296	0	0		 ./hcov-panel 47f2f52c-7d80-48f9-9cf9-726c4ec54875 zr10237 /home/michaeljon/pipeline/fastq/zr10237/zr10237_17_S37_R1_001.fastq.gz /home/michaeljon/pipeline/fastq/zr10237/zr10237_17_S37_R2_001.fastq.gz
13	:	1681427634.053	  2326.184	0	296	0	0		 ./hcov-panel fc2e893a-2049-442d-8a33-29ae03f77109 zr10237 /home/michaeljon/pipeline/fastq/zr10237/zr10237_18_S39_R1_001.fastq.gz /home/michaeljon/pipeline/fastq/zr10237/zr10237_18_S39_R2_001.fastq.gz
15	:	1681429444.134	  1327.230	0	296	0	0		 ./hcov-panel 8583a377-5210-4379-be75-c71cb41bf309 zr10237 /home/michaeljon/pipeline/fastq/zr10237/zr10237_20_S46_R1_001.fastq.gz /home/michaeljon/pipeline/fastq/zr10237/zr10237_20_S46_R2_001.fastq.gz
17	:	1681430771.370	  1331.109	0	296	0	0		 ./hcov-panel 423870ae-dcc4-46f7-a45c-bd74475b58f5 zr10237 /home/michaeljon/pipeline/fastq/zr10237/zr10237_22_S53_R1_001.fastq.gz /home/michaeljon/pipeline/fastq/zr10237/zr10237_22_S53_R2_001.fastq.gz
14	:	1681428320.748	  3896.713	0	296	0	0		 ./hcov-panel ae61adfc-3116-450c-a592-676730c31307 zr10237 /home/michaeljon/pipeline/fastq/zr10237/zr10237_19_S40_R1_001.fastq.gz /home/michaeljon/pipeline/fastq/zr10237/zr10237_19_S40_R2_001.fastq.gz
19	:	1681432217.466	   317.391	0	296	0	0		 ./hcov-panel a8c4e564-8c30-4be1-8363-e4bab2cb8b7a zr10237 /home/michaeljon/pipeline/fastq/zr10237/zr10237_24_S58_R1_001.fastq.gz /home/michaeljon/pipeline/fastq/zr10237/zr10237_24_S58_R2_001.fastq.gz
16	:	1681429960.246	  2844.678	0	296	0	0		 ./hcov-panel 9faef69f-651a-4ecc-b947-7fd04f646db3 zr10237 /home/michaeljon/pipeline/fastq/zr10237/zr10237_21_S47_R1_001.fastq.gz /home/michaeljon/pipeline/fastq/zr10237/zr10237_21_S47_R2_001.fastq.gz
21	:	1681432804.929	   193.257	0	296	0	0		 ./hcov-panel cdb9c28e-4f9e-4cb4-8d50-551678487ad5 zr10237 /home/michaeljon/pipeline/fastq/zr10237/zr10237_27_S66_R1_001.fastq.gz /home/michaeljon/pipeline/fastq/zr10237/zr10237_27_S66_R2_001.fastq.gz
20	:	1681432534.861	  2098.674	0	296	0	0		 ./hcov-panel 5cb00590-d64e-4d82-8a8e-d24b855dde69 zr10237 /home/michaeljon/pipeline/fastq/zr10237/zr10237_25_S61_R1_001.fastq.gz /home/michaeljon/pipeline/fastq/zr10237/zr10237_25_S61_R2_001.fastq.gz
23	:	1681434633.545	   283.337	0	296	0	0		 ./hcov-panel b4c02991-ae33-4956-8940-6e9c6273f946 zr10237 /home/michaeljon/pipeline/fastq/zr10237/zr10237_32_S73_R1_001.fastq.gz /home/michaeljon/pipeline/fastq/zr10237/zr10237_32_S73_R2_001.fastq.gz
11	:	1681426151.457	  8872.279	0	296	0	0		 ./hcov-panel 1ecb1b64-0b8d-4575-a65c-8661822b19bf zr10237 /home/michaeljon/pipeline/fastq/zr10237/zr10237_16_S36_R1_001.fastq.gz /home/michaeljon/pipeline/fastq/zr10237/zr10237_16_S36_R2_001.fastq.gz
24	:	1681434916.920	   112.963	0	296	0	0		 ./hcov-panel 3dcbeef7-1b46-4f00-aeb7-ce2989beb32b zr10237 /home/michaeljon/pipeline/fastq/zr10237/zr10237_33_S38_R1_001.fastq.gz /home/michaeljon/pipeline/fastq/zr10237/zr10237_33_S38_R2_001.fastq.gz
25	:	1681435023.739	    89.926	0	296	0	0		 ./hcov-panel d4e5ca6c-a6b9-4410-9ca2-eedf7ede5c81 zr10237 /home/michaeljon/pipeline/fastq/zr10237/zr10237_34_S34_R1_001.fastq.gz /home/michaeljon/pipeline/fastq/zr10237/zr10237_34_S34_R2_001.fastq.gz
26	:	1681435029.893	   260.241	0	296	0	0		 ./hcov-panel 09400745-d0ca-433e-a0e4-ccf07fc8e083 zr10237 /home/michaeljon/pipeline/fastq/zr10237/zr10237_35_S42_R1_001.fastq.gz /home/michaeljon/pipeline/fastq/zr10237/zr10237_35_S42_R2_001.fastq.gz
27	:	1681435113.675	   376.513	0	296	0	0		 ./hcov-panel 3859e1ab-a461-45c5-abb8-5b49ec01f372 zr10237 /home/michaeljon/pipeline/fastq/zr10237/zr10237_36_S76_R1_001.fastq.gz /home/michaeljon/pipeline/fastq/zr10237/zr10237_36_S76_R2_001.fastq.gz
22	:	1681432998.191	  2685.983	0	296	0	0		 ./hcov-panel 7750b31a-c5c2-4c78-9c0f-3fb920558667 zr10237 /home/michaeljon/pipeline/fastq/zr10237/zr10237_30_S57_R1_001.fastq.gz /home/michaeljon/pipeline/fastq/zr10237/zr10237_30_S57_R2_001.fastq.gz
18	:	1681432102.484	  4667.490	0	296	0	0		 ./hcov-panel 650597ca-ff86-4e35-a09e-bcec90afa7a7 zr10237 /home/michaeljon/pipeline/fastq/zr10237/zr10237_23_S54_R1_001.fastq.gz /home/michaeljon/pipeline/fastq/zr10237/zr10237_23_S54_R2_001.fastq.gz
