Seq	Host	Starttime	JobRuntime	Send	Receive	Exitval	Signal	Command
4	:	1686602903.091	   110.105	0	288	0	0		 ./hcov-panel 78df1811-64d8-4480-8a57-2e4c22f853d9 /home/michaeljon/pipeline/fastq/Chip11/Sample_13_IonXpress_013_R_2023_06_07_11_39_08_user_GSS5PR-0172-16-20230606_Chip_11.fastq Chip11
2	:	1686602903.085	   222.772	0	288	0	0		 ./hcov-panel 2bd9c98e-0c4d-4e6e-8086-72d8ef2ed48b /home/michaeljon/pipeline/fastq/Chip11/Sample_11_IonXpress_011_R_2023_06_07_11_39_08_user_GSS5PR-0172-16-20230606_Chip_11.fastq Chip11
3	:	1686602903.088	   223.197	0	288	0	0		 ./hcov-panel 13775273-8c5f-4a60-bd4a-ca61954e20d7 /home/michaeljon/pipeline/fastq/Chip11/Sample_12_IonXpress_012_R_2023_06_07_11_39_08_user_GSS5PR-0172-16-20230606_Chip_11.fastq Chip11
5	:	1686603013.210	   115.776	0	288	0	0		 ./hcov-panel 6dd4a937-a14d-4848-9bbf-3b092f1546fc /home/michaeljon/pipeline/fastq/Chip11/Sample_14_IonXpress_014_R_2023_06_07_11_39_08_user_GSS5PR-0172-16-20230606_Chip_11.fastq Chip11
8	:	1686603128.999	   109.077	0	288	0	0		 ./hcov-panel 935fc3f7-f847-4162-bf9e-b06cb82c0767 /home/michaeljon/pipeline/fastq/Chip11/Sample_17_IonXpress_017_R_2023_06_07_11_39_08_user_GSS5PR-0172-16-20230606_Chip_11.fastq Chip11
6	:	1686603125.860	   156.105	0	288	0	0		 ./hcov-panel 00600f28-b8ac-4a03-a967-1fcc9d6c9d98 /home/michaeljon/pipeline/fastq/Chip11/Sample_15_IonXpress_015_R_2023_06_07_11_39_08_user_GSS5PR-0172-16-20230606_Chip_11.fastq Chip11
1	:	1686602903.083	   381.430	0	288	0	0		 ./hcov-panel ea6f0c55-84d5-48da-b352-a20124647e4d /home/michaeljon/pipeline/fastq/Chip11/Sample_10_IonXpress_010_R_2023_06_07_11_39_08_user_GSS5PR-0172-16-20230606_Chip_11.fastq Chip11
9	:	1686603238.081	    85.447	0	288	0	0		 ./hcov-panel 70813165-5fa7-4cd3-b096-81b8b14d0a13 /home/michaeljon/pipeline/fastq/Chip11/Sample_18_IonXpress_018_R_2023_06_07_11_39_08_user_GSS5PR-0172-16-20230606_Chip_11.fastq Chip11
12	:	1686603323.534	    70.108	0	288	0	0		 ./hcov-panel 82776826-a4e5-4046-81a9-344f16ade834 /home/michaeljon/pipeline/fastq/Chip11/Sample_20_IonXpress_020_R_2023_06_07_11_39_08_user_GSS5PR-0172-16-20230606_Chip_11.fastq Chip11
10	:	1686603281.969	   155.195	0	288	0	0		 ./hcov-panel 71e8cb93-0f47-4353-a555-82acdf280c4f /home/michaeljon/pipeline/fastq/Chip11/Sample_19_IonXpress_019_R_2023_06_07_11_39_08_user_GSS5PR-0172-16-20230606_Chip_11.fastq Chip11
13	:	1686603393.647	    63.641	0	288	0	0		 ./hcov-panel 15e510f8-ff0b-48d9-be1c-5a960d560ba5 /home/michaeljon/pipeline/fastq/Chip11/Sample_21_IonXpress_021_R_2023_06_07_11_39_08_user_GSS5PR-0172-16-20230606_Chip_11.fastq Chip11
11	:	1686603284.519	   186.128	0	288	0	0		 ./hcov-panel df6efa87-41fe-4307-824f-15f65b3b090b /home/michaeljon/pipeline/fastq/Chip11/Sample_1_IonXpress_001_R_2023_06_07_11_39_08_user_GSS5PR-0172-16-20230606_Chip_11.fastq Chip11
7	:	1686603126.291	   416.253	0	288	0	0		 ./hcov-panel 706dcd52-36cc-4280-92a8-8a5626b4353d /home/michaeljon/pipeline/fastq/Chip11/Sample_16_IonXpress_016_R_2023_06_07_11_39_08_user_GSS5PR-0172-16-20230606_Chip_11.fastq Chip11
14	:	1686603437.169	   106.282	0	288	0	0		 ./hcov-panel 852f9293-b88d-4796-870f-6d778d090e91 /home/michaeljon/pipeline/fastq/Chip11/Sample_22_IonXpress_022_R_2023_06_07_11_39_08_user_GSS5PR-0172-16-20230606_Chip_11.fastq Chip11
16	:	1686603470.652	    89.016	0	288	0	0		 ./hcov-panel 6a3b275f-4de5-4ca7-a5d4-617de8abb947 /home/michaeljon/pipeline/fastq/Chip11/Sample_24_IonXpress_024_R_2023_06_07_11_39_08_user_GSS5PR-0172-16-20230606_Chip_11.fastq Chip11
19	:	1686603559.674	    79.625	0	288	0	0		 ./hcov-panel 2a4b647d-b4c7-49fe-916a-0d149229d698 /home/michaeljon/pipeline/fastq/Chip11/Sample_27_IonXpress_027_R_2023_06_07_11_39_08_user_GSS5PR-0172-16-20230606_Chip_11.fastq Chip11
15	:	1686603457.294	   185.304	0	288	0	0		 ./hcov-panel a63fac61-eb1a-402a-a080-3f9d5c4db3e4 /home/michaeljon/pipeline/fastq/Chip11/Sample_23_IonXpress_023_R_2023_06_07_11_39_08_user_GSS5PR-0172-16-20230606_Chip_11.fastq Chip11
17	:	1686603542.548	   126.283	0	288	0	0		 ./hcov-panel a64771e2-d627-400a-99bb-720131eb2e62 /home/michaeljon/pipeline/fastq/Chip11/Sample_25_IonXpress_025_R_2023_06_07_11_39_08_user_GSS5PR-0172-16-20230606_Chip_11.fastq Chip11
21	:	1686603642.602	    70.039	0	288	0	0		 ./hcov-panel 8f58b8b1-e67b-48b6-8551-8cfb7964e937 /home/michaeljon/pipeline/fastq/Chip11/Sample_29_IonXpress_029_R_2023_06_07_11_39_08_user_GSS5PR-0172-16-20230606_Chip_11.fastq Chip11
23	:	1686603712.651	   154.260	0	288	0	0		 ./hcov-panel e9dbad77-7160-4f9e-a536-4f1a9ec4ef7e /home/michaeljon/pipeline/fastq/Chip11/Sample_30_IonXpress_030_R_2023_06_07_11_39_08_user_GSS5PR-0172-16-20230606_Chip_11.fastq Chip11
24	:	1686603866.917	    93.753	0	288	0	0		 ./hcov-panel 0eb13e34-b9bb-427a-8fc1-7031e5703801 /home/michaeljon/pipeline/fastq/Chip11/Sample_31_IonXpress_031_R_2023_06_07_11_39_08_user_GSS5PR-0172-16-20230606_Chip_11.fastq Chip11
22	:	1686603668.835	   299.112	0	288	0	0		 ./hcov-panel 425b78f7-084d-42dd-858e-44c7d3156a0e /home/michaeljon/pipeline/fastq/Chip11/Sample_2_IonXpress_002_R_2023_06_07_11_39_08_user_GSS5PR-0172-16-20230606_Chip_11.fastq Chip11
20	:	1686603639.303	   342.947	0	288	0	0		 ./hcov-panel 5c6a476d-91f6-43e3-b7db-c0e7b4ddcdf9 /home/michaeljon/pipeline/fastq/Chip11/Sample_28_IonXpress_028_R_2023_06_07_11_39_08_user_GSS5PR-0172-16-20230606_Chip_11.fastq Chip11
25	:	1686603960.675	    81.154	0	288	0	0		 ./hcov-panel a857c259-2b61-47fd-96e3-7109c3f1b049 /home/michaeljon/pipeline/fastq/Chip11/Sample_32_IonXpress_032_R_2023_06_07_11_39_08_user_GSS5PR-0172-16-20230606_Chip_11.fastq Chip11
27	:	1686603982.258	   145.415	0	288	0	0		 ./hcov-panel 78a98e99-e67d-43c2-b4ab-215a50a5a866 /home/michaeljon/pipeline/fastq/Chip11/Sample_4_IonXpress_004_R_2023_06_07_11_39_08_user_GSS5PR-0172-16-20230606_Chip_11.fastq Chip11
26	:	1686603967.952	   179.332	0	288	0	0		 ./hcov-panel 7e936a63-d9fe-45bb-a7e4-be87885e50ba /home/michaeljon/pipeline/fastq/Chip11/Sample_3_IonXpress_003_R_2023_06_07_11_39_08_user_GSS5PR-0172-16-20230606_Chip_11.fastq Chip11
28	:	1686604041.833	   134.377	0	288	0	0		 ./hcov-panel 4ce8381b-d974-4353-b0a9-176845071cdf /home/michaeljon/pipeline/fastq/Chip11/Sample_5_IonXpress_005_R_2023_06_07_11_39_08_user_GSS5PR-0172-16-20230606_Chip_11.fastq Chip11
30	:	1686604147.288	   160.116	0	288	0	0		 ./hcov-panel bf752fc3-8cf6-4ff4-982c-4321b6ba41df /home/michaeljon/pipeline/fastq/Chip11/Sample_7_IonXpress_007_R_2023_06_07_11_39_08_user_GSS5PR-0172-16-20230606_Chip_11.fastq Chip11
18	:	1686603543.455	   952.873	0	288	0	0		 ./hcov-panel 5bf531f8-4c57-4348-b20a-8a414b33d5a4 /home/michaeljon/pipeline/fastq/Chip11/Sample_26_IonXpress_026_R_2023_06_07_11_39_08_user_GSS5PR-0172-16-20230606_Chip_11.fastq Chip11
32	:	1686604307.409	   254.000	0	288	0	0		 ./hcov-panel ca1b0ed0-3ba6-4405-9f24-067b8d503626 /home/michaeljon/pipeline/fastq/Chip11/Sample_9_IonXpress_009_R_2023_06_07_11_39_08_user_GSS5PR-0172-16-20230606_Chip_11.fastq Chip11
31	:	1686604176.215	   405.670	0	288	0	0		 ./hcov-panel cfe01609-03b6-4e32-8f4f-d1b593b61474 /home/michaeljon/pipeline/fastq/Chip11/Sample_8_IonXpress_008_R_2023_06_07_11_39_08_user_GSS5PR-0172-16-20230606_Chip_11.fastq Chip11
29	:	1686604127.678	  1040.332	0	288	0	0		 ./hcov-panel 90ca456a-300d-4e2c-a62c-b274f2d9d67b /home/michaeljon/pipeline/fastq/Chip11/Sample_6_IonXpress_006_R_2023_06_07_11_39_08_user_GSS5PR-0172-16-20230606_Chip_11.fastq Chip11
