Seq	Host	Starttime	JobRuntime	Send	Receive	Exitval	Signal	Command
2	:	1686608439.604	    16.659	0	288	0	0		 ./hcov-panel 36d3bf31-c1b5-4d4b-a055-f9faa52f645c /home/michaeljon/pipeline/fastq/Chip12/Sample_11_IonXpress_011_R_2023_06_07_14_30_36_user_GSS5PR-0172-17-20230606_Chip_12.fastq Chip12
4	:	1686608439.609	    19.828	0	288	0	0		 ./hcov-panel ee41d70e-643f-49ab-8a44-4e7e211394bb /home/michaeljon/pipeline/fastq/Chip12/Sample_13_IonXpress_013_R_2023_06_07_14_30_36_user_GSS5PR-0172-17-20230606_Chip_12.fastq Chip12
3	:	1686608439.606	    83.600	0	288	0	0		 ./hcov-panel 56fcc403-fcbb-4a37-b6cc-0eb827f6f75e /home/michaeljon/pipeline/fastq/Chip12/Sample_12_IonXpress_012_R_2023_06_07_14_30_36_user_GSS5PR-0172-17-20230606_Chip_12.fastq Chip12
5	:	1686608456.269	   220.671	0	288	0	0		 ./hcov-panel 7b3f707c-00b3-4566-a3c1-14609cac9f99 /home/michaeljon/pipeline/fastq/Chip12/Sample_14_IonXpress_014_R_2023_06_07_14_30_36_user_GSS5PR-0172-17-20230606_Chip_12.fastq Chip12
6	:	1686608459.449	   389.083	0	288	0	0		 ./hcov-panel 751fd888-c33c-4d59-9943-d53259ade938 /home/michaeljon/pipeline/fastq/Chip12/Sample_15_IonXpress_015_R_2023_06_07_14_30_36_user_GSS5PR-0172-17-20230606_Chip_12.fastq Chip12
9	:	1686608848.537	   109.368	0	288	0	0		 ./hcov-panel 82a67a37-50e6-4e05-8c9e-9f54ea13a97a /home/michaeljon/pipeline/fastq/Chip12/Sample_18_IonXpress_018_R_2023_06_07_14_30_36_user_GSS5PR-0172-17-20230606_Chip_12.fastq Chip12
8	:	1686608676.944	   333.961	0	288	0	0		 ./hcov-panel a23eae62-7c91-4578-b9c4-bb57f6e9a83c /home/michaeljon/pipeline/fastq/Chip12/Sample_17_IonXpress_017_R_2023_06_07_14_30_36_user_GSS5PR-0172-17-20230606_Chip_12.fastq Chip12
11	:	1686609010.944	    22.651	0	288	0	0		 ./hcov-panel 188bd804-aedb-4614-999b-cfd7d8b86cd4 /home/michaeljon/pipeline/fastq/Chip12/Sample_1_IonXpress_001_R_2023_06_07_14_30_36_user_GSS5PR-0172-17-20230606_Chip_12.fastq Chip12
10	:	1686608957.912	   162.216	0	288	0	0		 ./hcov-panel 571a7598-2168-4aba-afb1-90773183be7b /home/michaeljon/pipeline/fastq/Chip12/Sample_19_IonXpress_019_R_2023_06_07_14_30_36_user_GSS5PR-0172-17-20230606_Chip_12.fastq Chip12
12	:	1686609033.600	   190.068	0	288	0	0		 ./hcov-panel 9b6ffc09-a76d-453e-894a-441f7a78b08d /home/michaeljon/pipeline/fastq/Chip12/Sample_20_IonXpress_020_R_2023_06_07_14_30_36_user_GSS5PR-0172-17-20230606_Chip_12.fastq Chip12
13	:	1686609120.143	   131.983	0	288	0	0		 ./hcov-panel 25dd00ff-6434-428d-9926-279591ab29b3 /home/michaeljon/pipeline/fastq/Chip12/Sample_21_IonXpress_021_R_2023_06_07_14_30_36_user_GSS5PR-0172-17-20230606_Chip_12.fastq Chip12
14	:	1686609223.672	    85.963	0	288	0	0		 ./hcov-panel d1ee6bea-0157-44c2-b911-f5cacfcfdbf3 /home/michaeljon/pipeline/fastq/Chip12/Sample_22_IonXpress_022_R_2023_06_07_14_30_36_user_GSS5PR-0172-17-20230606_Chip_12.fastq Chip12
16	:	1686609309.639	    72.644	0	288	0	0		 ./hcov-panel b6aec2e3-540f-4359-b2ce-3fb4fec5d37e /home/michaeljon/pipeline/fastq/Chip12/Sample_24_IonXpress_024_R_2023_06_07_14_30_36_user_GSS5PR-0172-17-20230606_Chip_12.fastq Chip12
7	:	1686608523.210	  1033.036	0	288	0	0		 ./hcov-panel d107c8d6-f0be-45a6-a865-4988a24bac44 /home/michaeljon/pipeline/fastq/Chip12/Sample_16_IonXpress_016_R_2023_06_07_14_30_36_user_GSS5PR-0172-17-20230606_Chip_12.fastq Chip12
18	:	1686609556.251	    60.542	0	288	0	0		 ./hcov-panel 3063f07b-fabb-4026-805a-1ac8601ca830 /home/michaeljon/pipeline/fastq/Chip12/Sample_26_IonXpress_026_R_2023_06_07_14_30_36_user_GSS5PR-0172-17-20230606_Chip_12.fastq Chip12
15	:	1686609252.129	   385.262	0	288	0	0		 ./hcov-panel 4f245fe0-90ba-4da5-af30-4cc2e3e2370b /home/michaeljon/pipeline/fastq/Chip12/Sample_23_IonXpress_023_R_2023_06_07_14_30_36_user_GSS5PR-0172-17-20230606_Chip_12.fastq Chip12
19	:	1686609616.797	    83.371	0	288	0	0		 ./hcov-panel 95b1a76c-ca63-4c39-9805-4539a60dc969 /home/michaeljon/pipeline/fastq/Chip12/Sample_27_IonXpress_027_R_2023_06_07_14_30_36_user_GSS5PR-0172-17-20230606_Chip_12.fastq Chip12
20	:	1686609637.395	    85.397	0	288	0	0		 ./hcov-panel a8241f9c-5fd9-4a7b-ad25-61c7401105cb /home/michaeljon/pipeline/fastq/Chip12/Sample_28_IonXpress_028_R_2023_06_07_14_30_36_user_GSS5PR-0172-17-20230606_Chip_12.fastq Chip12
17	:	1686609382.288	   411.252	0	288	0	0		 ./hcov-panel 9bcbad3b-181e-4c5d-90f7-df617e296b94 /home/michaeljon/pipeline/fastq/Chip12/Sample_25_IonXpress_025_R_2023_06_07_14_30_36_user_GSS5PR-0172-17-20230606_Chip_12.fastq Chip12
1	:	1686608439.602	  1402.388	0	288	0	0		 ./hcov-panel 086cb44c-8fb7-472a-b1f7-a0711d100c05 /home/michaeljon/pipeline/fastq/Chip12/Sample_10_IonXpress_010_R_2023_06_07_14_30_36_user_GSS5PR-0172-17-20230606_Chip_12.fastq Chip12
22	:	1686609722.796	   139.131	0	288	0	0		 ./hcov-panel 588ebbba-6e2c-4a21-9c76-2ee725f7989a /home/michaeljon/pipeline/fastq/Chip12/Sample_2_IonXpress_002_R_2023_06_07_14_30_36_user_GSS5PR-0172-17-20230606_Chip_12.fastq Chip12
25	:	1686609861.931	    16.980	0	288	0	0		 ./hcov-panel 01e51a4d-79e6-4964-99c8-e1cae9e4b60a /home/michaeljon/pipeline/fastq/Chip12/Sample_32_IonXpress_032_R_2023_06_07_14_30_36_user_GSS5PR-0172-17-20230606_Chip_12.fastq Chip12
23	:	1686609793.545	   112.425	0	288	0	0		 ./hcov-panel 19c63536-11ca-44fc-a3ee-b429d93fe8f6 /home/michaeljon/pipeline/fastq/Chip12/Sample_30_IonXpress_030_R_2023_06_07_14_30_36_user_GSS5PR-0172-17-20230606_Chip_12.fastq Chip12
24	:	1686609841.995	   167.278	0	288	0	0		 ./hcov-panel b60ce780-5a32-4ab8-9fd5-9a055e1dc0f2 /home/michaeljon/pipeline/fastq/Chip12/Sample_31_IonXpress_031_R_2023_06_07_14_30_36_user_GSS5PR-0172-17-20230606_Chip_12.fastq Chip12
21	:	1686609700.173	   323.202	0	288	0	0		 ./hcov-panel 7c100a87-45ef-4258-91cc-b17dced96bcc /home/michaeljon/pipeline/fastq/Chip12/Sample_29_IonXpress_029_R_2023_06_07_14_30_36_user_GSS5PR-0172-17-20230606_Chip_12.fastq Chip12
29	:	1686610023.381	    15.460	0	288	0	0		 ./hcov-panel d34dde76-c401-4c54-a250-2241fccc7aa3 /home/michaeljon/pipeline/fastq/Chip12/Sample_6_IonXpress_006_R_2023_06_07_14_30_36_user_GSS5PR-0172-17-20230606_Chip_12.fastq Chip12
28	:	1686610009.286	    45.954	0	288	0	0		 ./hcov-panel 5d31205e-2f36-4429-938f-95a1cc084477 /home/michaeljon/pipeline/fastq/Chip12/Sample_5_IonXpress_005_R_2023_06_07_14_30_36_user_GSS5PR-0172-17-20230606_Chip_12.fastq Chip12
31	:	1686610055.245	    17.331	0	288	0	0		 ./hcov-panel 371b776a-a8a9-41d7-b2af-f1c78db24e0a /home/michaeljon/pipeline/fastq/Chip12/Sample_8_IonXpress_008_R_2023_06_07_14_30_36_user_GSS5PR-0172-17-20230606_Chip_12.fastq Chip12
26	:	1686609878.923	   252.225	0	288	0	0		 ./hcov-panel 9bd5c854-3666-4ff2-bdd7-c955715894cb /home/michaeljon/pipeline/fastq/Chip12/Sample_3_IonXpress_003_R_2023_06_07_14_30_36_user_GSS5PR-0172-17-20230606_Chip_12.fastq Chip12
32	:	1686610072.581	    66.261	0	288	0	0		 ./hcov-panel c7852427-a91a-4a64-897f-8cc3e2e8f329 /home/michaeljon/pipeline/fastq/Chip12/Sample_9_IonXpress_009_R_2023_06_07_14_30_36_user_GSS5PR-0172-17-20230606_Chip_12.fastq Chip12
30	:	1686610038.854	   108.346	0	288	0	0		 ./hcov-panel a4745407-829c-4b31-890b-43e5092b9b01 /home/michaeljon/pipeline/fastq/Chip12/Sample_7_IonXpress_007_R_2023_06_07_14_30_36_user_GSS5PR-0172-17-20230606_Chip_12.fastq Chip12
27	:	1686609905.975	   377.201	0	288	0	0		 ./hcov-panel f8647214-7cab-4fc7-a08b-efe446db3dd4 /home/michaeljon/pipeline/fastq/Chip12/Sample_4_IonXpress_004_R_2023_06_07_14_30_36_user_GSS5PR-0172-17-20230606_Chip_12.fastq Chip12
